0 silly argv { _: [ 'version' ],
0 silly argv   lernaVersion: '3.20.2',
0 silly argv   '$0': '..\\lerna\\cli.js' }
1 notice cli v3.20.2
2 verbose rootPath D:\@my-npmpackage
3 info versioning independent
4 silly isAnythingCommitted
5 verbose isAnythingCommitted 1
6 silly currentBranch
7 verbose currentBranch master
8 silly remoteBranchExists
9 silly isBehindUpstream
10 error Error: Command failed: git remote update
10 error fatal: unable to access 'https://github.com/manishkcnit/newpackage.git/': Could not resolve proxy: 2345678proxy.hq.sony.co.jp
10 error error: Could not fetch origin
10 error
10 error Fetching origin
10 error
10 error     at makeError (D:\@my-npmpackage\node_modules\execa\index.js:174:9)
10 error     at Function.module.exports.sync (D:\@my-npmpackage\node_modules\execa\index.js:338:15)
10 error     at Object.execSync (D:\@my-npmpackage\node_modules\@lerna\child-process\index.js:26:16)
10 error     at updateRemote (D:\@my-npmpackage\node_modules\@lerna\version\lib\is-behind-upstream.js:26:16)
10 error     at isBehindUpstream (D:\@my-npmpackage\node_modules\@lerna\version\lib\is-behind-upstream.js:11:3)
10 error     at VersionCommand.initialize (D:\@my-npmpackage\node_modules\@lerna\version\index.js:150:9)
10 error     at Promise.resolve.then (D:\@my-npmpackage\node_modules\@lerna\command\index.js:272:24)
